Determining if the function crc32c_value exists in the crc32c failed with the following output:
Change Dir: /home/jacky/leveldb/build/CMakeFiles/CMakeTmp

Run Build Command:"/usr/bin/make" "cmTC_a82c6/fast"
/usr/bin/make -f CMakeFiles/cmTC_a82c6.dir/build.make CMakeFiles/cmTC_a82c6.dir/build
make[1]: Entering directory '/home/jacky/leveldb/build/CMakeFiles/CMakeTmp'
Building C object CMakeFiles/cmTC_a82c6.dir/CheckFunctionExists.c.o
/usr/bin/cc   -DCHECK_FUNCTION_EXISTS=crc32c_value   -std=c11 -o CMakeFiles/cmTC_a82c6.dir/CheckFunctionExists.c.o   -c /usr/local/share/cmake-3.12/Modules/CheckFunctionExists.c
Linking C executable cmTC_a82c6
/usr/local/bin/cmake -E cmake_link_script CMakeFiles/cmTC_a82c6.dir/link.txt --verbose=1
/usr/bin/cc  -DCHECK_FUNCTION_EXISTS=crc32c_value    CMakeFiles/cmTC_a82c6.dir/CheckFunctionExists.c.o  -o cmTC_a82c6 -lcrc32c 
/usr/bin/ld: cannot find -lcrc32c
collect2: error: ld returned 1 exit status
CMakeFiles/cmTC_a82c6.dir/build.make:86: recipe for target 'cmTC_a82c6' failed
make[1]: *** [cmTC_a82c6] Error 1
make[1]: Leaving directory '/home/jacky/leveldb/build/CMakeFiles/CMakeTmp'
Makefile:121: recipe for target 'cmTC_a82c6/fast' failed
make: *** [cmTC_a82c6/fast] Error 2


Determining if the function snappy_compress exists in the snappy failed with the following output:
Change Dir: /home/jacky/leveldb/build/CMakeFiles/CMakeTmp

Run Build Command:"/usr/bin/make" "cmTC_329de/fast"
/usr/bin/make -f CMakeFiles/cmTC_329de.dir/build.make CMakeFiles/cmTC_329de.dir/build
make[1]: Entering directory '/home/jacky/leveldb/build/CMakeFiles/CMakeTmp'
Building C object CMakeFiles/cmTC_329de.dir/CheckFunctionExists.c.o
/usr/bin/cc   -DCHECK_FUNCTION_EXISTS=snappy_compress   -std=c11 -o CMakeFiles/cmTC_329de.dir/CheckFunctionExists.c.o   -c /usr/local/share/cmake-3.12/Modules/CheckFunctionExists.c
Linking C executable cmTC_329de
/usr/local/bin/cmake -E cmake_link_script CMakeFiles/cmTC_329de.dir/link.txt --verbose=1
/usr/bin/cc  -DCHECK_FUNCTION_EXISTS=snappy_compress    CMakeFiles/cmTC_329de.dir/CheckFunctionExists.c.o  -o cmTC_329de -lsnappy 
/usr/bin/ld: cannot find -lsnappy
collect2: error: ld returned 1 exit status
CMakeFiles/cmTC_329de.dir/build.make:86: recipe for target 'cmTC_329de' failed
make[1]: *** [cmTC_329de] Error 1
make[1]: Leaving directory '/home/jacky/leveldb/build/CMakeFiles/CMakeTmp'
Makefile:121: recipe for target 'cmTC_329de/fast' failed
make: *** [cmTC_329de/fast] Error 2


Determining if the function malloc exists in the tcmalloc failed with the following output:
Change Dir: /home/jacky/leveldb/build/CMakeFiles/CMakeTmp

Run Build Command:"/usr/bin/make" "cmTC_2dcfa/fast"
/usr/bin/make -f CMakeFiles/cmTC_2dcfa.dir/build.make CMakeFiles/cmTC_2dcfa.dir/build
make[1]: Entering directory '/home/jacky/leveldb/build/CMakeFiles/CMakeTmp'
Building C object CMakeFiles/cmTC_2dcfa.dir/CheckFunctionExists.c.o
/usr/bin/cc   -DCHECK_FUNCTION_EXISTS=malloc   -std=c11 -o CMakeFiles/cmTC_2dcfa.dir/CheckFunctionExists.c.o   -c /usr/local/share/cmake-3.12/Modules/CheckFunctionExists.c
<command-line>:0:23: warning: conflicting types for built-in function ‘malloc’
/usr/local/share/cmake-3.12/Modules/CheckFunctionExists.c:7:3: note: in expansion of macro ‘CHECK_FUNCTION_EXISTS’
   CHECK_FUNCTION_EXISTS(void);
   ^
Linking C executable cmTC_2dcfa
/usr/local/bin/cmake -E cmake_link_script CMakeFiles/cmTC_2dcfa.dir/link.txt --verbose=1
/usr/bin/cc  -DCHECK_FUNCTION_EXISTS=malloc    CMakeFiles/cmTC_2dcfa.dir/CheckFunctionExists.c.o  -o cmTC_2dcfa -ltcmalloc 
/usr/bin/ld: cannot find -ltcmalloc
collect2: error: ld returned 1 exit status
CMakeFiles/cmTC_2dcfa.dir/build.make:86: recipe for target 'cmTC_2dcfa' failed
make[1]: *** [cmTC_2dcfa] Error 1
make[1]: Leaving directory '/home/jacky/leveldb/build/CMakeFiles/CMakeTmp'
Makefile:121: recipe for target 'cmTC_2dcfa/fast' failed
make: *** [cmTC_2dcfa/fast] Error 2


Determining if the F_FULLFSYNC exist failed with the following output:
Change Dir: /home/jacky/leveldb/build/CMakeFiles/CMakeTmp

Run Build Command:"/usr/bin/make" "cmTC_3e321/fast"
/usr/bin/make -f CMakeFiles/cmTC_3e321.dir/build.make CMakeFiles/cmTC_3e321.dir/build
make[1]: Entering directory '/home/jacky/leveldb/build/CMakeFiles/CMakeTmp'
Building CXX object CMakeFiles/cmTC_3e321.dir/CheckSymbolExists.cxx.o
/usr/bin/c++    -std=c++11 -o CMakeFiles/cmTC_3e321.dir/CheckSymbolExists.cxx.o -c /home/jacky/leveldb/build/CMakeFiles/CMakeTmp/CheckSymbolExists.cxx
/home/jacky/leveldb/build/CMakeFiles/CMakeTmp/CheckSymbolExists.cxx: In function ‘int main(int, char**)’:
/home/jacky/leveldb/build/CMakeFiles/CMakeTmp/CheckSymbolExists.cxx:8:19: error: ‘F_FULLFSYNC’ was not declared in this scope
   return ((int*)(&F_FULLFSYNC))[argc];
                   ^
CMakeFiles/cmTC_3e321.dir/build.make:65: recipe for target 'CMakeFiles/cmTC_3e321.dir/CheckSymbolExists.cxx.o' failed
make[1]: *** [CMakeFiles/cmTC_3e321.dir/CheckSymbolExists.cxx.o] Error 1
make[1]: Leaving directory '/home/jacky/leveldb/build/CMakeFiles/CMakeTmp'
Makefile:121: recipe for target 'cmTC_3e321/fast' failed
make: *** [cmTC_3e321/fast] Error 2

File /home/jacky/leveldb/build/CMakeFiles/CMakeTmp/CheckSymbolExists.cxx:
/* */
#include <fcntl.h>

int main(int argc, char** argv)
{
  (void)argv;
#ifndef F_FULLFSYNC
  return ((int*)(&F_FULLFSYNC))[argc];
#else
  (void)argc;
  return 0;
#endif
}

Performing C++ SOURCE FILE Test HAVE_CLANG_THREAD_SAFETY failed with the following output:
Change Dir: /home/jacky/leveldb/build/CMakeFiles/CMakeTmp

Run Build Command:"/usr/bin/make" "cmTC_c8815/fast"
/usr/bin/make -f CMakeFiles/cmTC_c8815.dir/build.make CMakeFiles/cmTC_c8815.dir/build
make[1]: Entering directory '/home/jacky/leveldb/build/CMakeFiles/CMakeTmp'
Building CXX object CMakeFiles/cmTC_c8815.dir/src.cxx.o
/usr/bin/c++    -fno-exceptions -fno-rtti -DHAVE_CLANG_THREAD_SAFETY -Werror   -std=c++11 -o CMakeFiles/cmTC_c8815.dir/src.cxx.o -c /home/jacky/leveldb/build/CMakeFiles/CMakeTmp/src.cxx
/home/jacky/leveldb/build/CMakeFiles/CMakeTmp/src.cxx:2:34: error: ‘lockable’ attribute directive ignored [-Werror=attributes]
 struct __attribute__((lockable)) Lock {
                                  ^
/home/jacky/leveldb/build/CMakeFiles/CMakeTmp/src.cxx:3:59: error: ‘exclusive_lock_function’ attribute directive ignored [-Werror=attributes]
   void Acquire() __attribute__((exclusive_lock_function()));
                                                           ^
/home/jacky/leveldb/build/CMakeFiles/CMakeTmp/src.cxx:4:51: error: ‘unlock_function’ attribute directive ignored [-Werror=attributes]
   void Release() __attribute__((unlock_function()));
                                                   ^
/home/jacky/leveldb/build/CMakeFiles/CMakeTmp/src.cxx:8:46: error: ‘guarded_by’ attribute directive ignored [-Werror=attributes]
   int data_ __attribute__((guarded_by(lock_)));
                                              ^
cc1plus: all warnings being treated as errors
CMakeFiles/cmTC_c8815.dir/build.make:65: recipe for target 'CMakeFiles/cmTC_c8815.dir/src.cxx.o' failed
make[1]: *** [CMakeFiles/cmTC_c8815.dir/src.cxx.o] Error 1
make[1]: Leaving directory '/home/jacky/leveldb/build/CMakeFiles/CMakeTmp'
Makefile:121: recipe for target 'cmTC_c8815/fast' failed
make: *** [cmTC_c8815/fast] Error 2

Source file was:

struct __attribute__((lockable)) Lock {
  void Acquire() __attribute__((exclusive_lock_function()));
  void Release() __attribute__((unlock_function()));
};
struct ThreadSafeType {
  Lock lock_;
  int data_ __attribute__((guarded_by(lock_)));
};
int main() { return 0; }

Determining if the pthread_create exist failed with the following output:
Change Dir: /home/jacky/leveldb/build/CMakeFiles/CMakeTmp

Run Build Command:"/usr/bin/make" "cmTC_73d74/fast"
/usr/bin/make -f CMakeFiles/cmTC_73d74.dir/build.make CMakeFiles/cmTC_73d74.dir/build
make[1]: Entering directory '/home/jacky/leveldb/build/CMakeFiles/CMakeTmp'
Building C object CMakeFiles/cmTC_73d74.dir/CheckSymbolExists.c.o
/usr/bin/cc   -Wstrict-prototypes    -std=c11 -o CMakeFiles/cmTC_73d74.dir/CheckSymbolExists.c.o   -c /home/jacky/leveldb/build/CMakeFiles/CMakeTmp/CheckSymbolExists.c
Linking C executable cmTC_73d74
/usr/local/bin/cmake -E cmake_link_script CMakeFiles/cmTC_73d74.dir/link.txt --verbose=1
/usr/bin/cc  -Wstrict-prototypes     CMakeFiles/cmTC_73d74.dir/CheckSymbolExists.c.o  -o cmTC_73d74 
CMakeFiles/cmTC_73d74.dir/CheckSymbolExists.c.o: In function `main':
CheckSymbolExists.c:(.text+0x16): undefined reference to `pthread_create'
collect2: error: ld returned 1 exit status
CMakeFiles/cmTC_73d74.dir/build.make:86: recipe for target 'cmTC_73d74' failed
make[1]: *** [cmTC_73d74] Error 1
make[1]: Leaving directory '/home/jacky/leveldb/build/CMakeFiles/CMakeTmp'
Makefile:121: recipe for target 'cmTC_73d74/fast' failed
make: *** [cmTC_73d74/fast] Error 2

File /home/jacky/leveldb/build/CMakeFiles/CMakeTmp/CheckSymbolExists.c:
/* */
#include <pthread.h>

int main(int argc, char** argv)
{
  (void)argv;
#ifndef pthread_create
  return ((int*)(&pthread_create))[argc];
#else
  (void)argc;
  return 0;
#endif
}

Determining if the function pthread_create exists in the pthreads failed with the following output:
Change Dir: /home/jacky/leveldb/build/CMakeFiles/CMakeTmp

Run Build Command:"/usr/bin/make" "cmTC_fdeab/fast"
/usr/bin/make -f CMakeFiles/cmTC_fdeab.dir/build.make CMakeFiles/cmTC_fdeab.dir/build
make[1]: Entering directory '/home/jacky/leveldb/build/CMakeFiles/CMakeTmp'
Building C object CMakeFiles/cmTC_fdeab.dir/CheckFunctionExists.c.o
/usr/bin/cc   -Wstrict-prototypes -DCHECK_FUNCTION_EXISTS=pthread_create   -std=c11 -o CMakeFiles/cmTC_fdeab.dir/CheckFunctionExists.c.o   -c /usr/local/share/cmake-3.12/Modules/CheckFunctionExists.c
Linking C executable cmTC_fdeab
/usr/local/bin/cmake -E cmake_link_script CMakeFiles/cmTC_fdeab.dir/link.txt --verbose=1
/usr/bin/cc  -Wstrict-prototypes -DCHECK_FUNCTION_EXISTS=pthread_create    CMakeFiles/cmTC_fdeab.dir/CheckFunctionExists.c.o  -o cmTC_fdeab -lpthreads 
/usr/bin/ld: cannot find -lpthreads
collect2: error: ld returned 1 exit status
CMakeFiles/cmTC_fdeab.dir/build.make:86: recipe for target 'cmTC_fdeab' failed
make[1]: *** [cmTC_fdeab] Error 1
make[1]: Leaving directory '/home/jacky/leveldb/build/CMakeFiles/CMakeTmp'
Makefile:121: recipe for target 'cmTC_fdeab/fast' failed
make: *** [cmTC_fdeab/fast] Error 2


Determining if the function sqlite3_open exists in the sqlite3 failed with the following output:
Change Dir: /home/jacky/leveldb/build/CMakeFiles/CMakeTmp

Run Build Command:"/usr/bin/make" "cmTC_6acb5/fast"
/usr/bin/make -f CMakeFiles/cmTC_6acb5.dir/build.make CMakeFiles/cmTC_6acb5.dir/build
make[1]: Entering directory '/home/jacky/leveldb/build/CMakeFiles/CMakeTmp'
Building C object CMakeFiles/cmTC_6acb5.dir/CheckFunctionExists.c.o
/usr/bin/cc   -Wstrict-prototypes -DCHECK_FUNCTION_EXISTS=sqlite3_open   -std=c11 -o CMakeFiles/cmTC_6acb5.dir/CheckFunctionExists.c.o   -c /usr/local/share/cmake-3.12/Modules/CheckFunctionExists.c
Linking C executable cmTC_6acb5
/usr/local/bin/cmake -E cmake_link_script CMakeFiles/cmTC_6acb5.dir/link.txt --verbose=1
/usr/bin/cc  -Wstrict-prototypes -DCHECK_FUNCTION_EXISTS=sqlite3_open    CMakeFiles/cmTC_6acb5.dir/CheckFunctionExists.c.o  -o cmTC_6acb5 -lsqlite3 
/usr/bin/ld: cannot find -lsqlite3
collect2: error: ld returned 1 exit status
CMakeFiles/cmTC_6acb5.dir/build.make:86: recipe for target 'cmTC_6acb5' failed
make[1]: *** [cmTC_6acb5] Error 1
make[1]: Leaving directory '/home/jacky/leveldb/build/CMakeFiles/CMakeTmp'
Makefile:121: recipe for target 'cmTC_6acb5/fast' failed
make: *** [cmTC_6acb5/fast] Error 2


Performing C++ SOURCE FILE Test HAVE_KYOTOCABINET failed with the following output:
Change Dir: /home/jacky/leveldb/build/CMakeFiles/CMakeTmp

Run Build Command:"/usr/bin/make" "cmTC_624a9/fast"
/usr/bin/make -f CMakeFiles/cmTC_624a9.dir/build.make CMakeFiles/cmTC_624a9.dir/build
make[1]: Entering directory '/home/jacky/leveldb/build/CMakeFiles/CMakeTmp'
Building CXX object CMakeFiles/cmTC_624a9.dir/src.cxx.o
/usr/bin/c++    -fno-exceptions -fno-rtti -DHAVE_KYOTOCABINET   -std=c++11 -o CMakeFiles/cmTC_624a9.dir/src.cxx.o -c /home/jacky/leveldb/build/CMakeFiles/CMakeTmp/src.cxx
/home/jacky/leveldb/build/CMakeFiles/CMakeTmp/src.cxx:2:22: fatal error: kcpolydb.h: No such file or directory
compilation terminated.
CMakeFiles/cmTC_624a9.dir/build.make:65: recipe for target 'CMakeFiles/cmTC_624a9.dir/src.cxx.o' failed
make[1]: *** [CMakeFiles/cmTC_624a9.dir/src.cxx.o] Error 1
make[1]: Leaving directory '/home/jacky/leveldb/build/CMakeFiles/CMakeTmp'
Makefile:121: recipe for target 'cmTC_624a9/fast' failed
make: *** [cmTC_624a9/fast] Error 2

Source file was:

#include <kcpolydb.h>

int main() {
  kyotocabinet::TreeDB* db = new kyotocabinet::TreeDB();
  delete db;
  return 0;
}
  
Determining if the function aes_gcm_pre_256 exists in the libisal_crypto failed with the following output:
Change Dir: /home/jacky/leveldb/build/CMakeFiles/CMakeTmp

Run Build Command:"/usr/bin/make" "cmTC_bb173/fast"
/usr/bin/make -f CMakeFiles/cmTC_bb173.dir/build.make CMakeFiles/cmTC_bb173.dir/build
make[1]: Entering directory '/home/jacky/leveldb/build/CMakeFiles/CMakeTmp'
Building C object CMakeFiles/cmTC_bb173.dir/CheckFunctionExists.c.o
/usr/bin/cc   -DCHECK_FUNCTION_EXISTS=aes_gcm_pre_256   -std=c11 -o CMakeFiles/cmTC_bb173.dir/CheckFunctionExists.c.o   -c /usr/local/share/cmake-3.12/Modules/CheckFunctionExists.c
Linking C executable cmTC_bb173
/usr/local/bin/cmake -E cmake_link_script CMakeFiles/cmTC_bb173.dir/link.txt --verbose=1
/usr/bin/cc  -DCHECK_FUNCTION_EXISTS=aes_gcm_pre_256    CMakeFiles/cmTC_bb173.dir/CheckFunctionExists.c.o  -o cmTC_bb173 -llibisal_crypto 
/usr/bin/ld: cannot find -llibisal_crypto
collect2: error: ld returned 1 exit status
CMakeFiles/cmTC_bb173.dir/build.make:86: recipe for target 'cmTC_bb173' failed
make[1]: *** [cmTC_bb173] Error 1
make[1]: Leaving directory '/home/jacky/leveldb/build/CMakeFiles/CMakeTmp'
Makefile:121: recipe for target 'cmTC_bb173/fast' failed
make: *** [cmTC_bb173/fast] Error 2


